2020-07-27 22:04:02,087 [INFO] Activator:176 - 


2020-07-27 22:04:02,090 [INFO] Activator:177 - !SESSION log4j initialized
2020-07-27 22:04:15,467 [INFO] ApplicationProperties:181 - Using Application install path: C:\ST\STM32CubeIDE_1.3.0\STM32CubeIDE\plugins\com.st.stm32cube.common.mx_5.6.1.202004052303
2020-07-27 22:04:15,485 [INFO] DbMcusXml:72 - Set database path to: C:\ST\STM32CubeIDE_1.3.0\STM32CubeIDE\plugins\com.st.stm32cube.common.mx_5.6.1.202004052303\\db\/mcu/
2020-07-27 22:04:15,490 [INFO] DbBoardsPdsc:54 - Set plugin database path to: C:\ST\STM32CubeIDE_1.3.0\STM32CubeIDE\plugins\com.st.stm32cube.common.mx_5.6.1.202004052303\\db\/plugins/boardmanager/
2020-07-27 22:04:15,490 [INFO] DbMcus:235 - Set plugin images path to: C:\ST\STM32CubeIDE_1.3.0\STM32CubeIDE\plugins\com.st.stm32cube.common.mx_5.6.1.202004052303\\db\/plugins/mcufinder/images/
2020-07-27 22:04:15,491 [INFO] DbBoards:232 - Set plugin images path to: C:\ST\STM32CubeIDE_1.3.0\STM32CubeIDE\plugins\com.st.stm32cube.common.mx_5.6.1.202004052303\\db\/plugins/mcufinder/images/
2020-07-27 22:04:15,504 [INFO] DbMcusAds:85 - Set database path to: C:\Users\SimpalsGarage\.stmcufinder\plugins\mcufinder//mcu/
2020-07-27 22:04:15,505 [INFO] DbMcusDocs:108 - Set database path to: C:\Users\SimpalsGarage\.stmcufinder\plugins\mcufinder//mcu/
2020-07-27 22:04:15,507 [INFO] DbMcusJson:61 - Set database path to: C:\Users\SimpalsGarage\.stmcufinder\plugins\mcufinder//mcu/
2020-07-27 22:04:15,508 [INFO] DbBoardsDocs:97 - Set database path to: C:\Users\SimpalsGarage\.stmcufinder\plugins\mcufinder//mcu/
2020-07-27 22:04:15,509 [INFO] DbBoardsJson:51 - Set database path to: C:\Users\SimpalsGarage\.stmcufinder\plugins\mcufinder//mcu/
2020-07-27 22:04:16,927 [INFO] CrossReferenceDbSqlite:197 - Set database path to: C:\Users\SimpalsGarage\.stmcufinder\plugins\mcufinder//mcu/cs/
2020-07-27 22:04:17,060 [INFO] RulesReader:52 - Compatibility file has been processed (208 Rules)
2020-07-27 22:04:17,182 [INFO] MicroXplorer:570 - Detected Java Version = 1.8.0_242
2020-07-27 22:04:17,183 [INFO] DbMcusXml:72 - Set database path to: C:\ST\STM32CubeIDE_1.3.0\STM32CubeIDE\plugins\com.st.stm32cube.common.mx_5.6.1.202004052303\\db\/mcu/
2020-07-27 22:04:17,183 [INFO] DbBoardsPdsc:54 - Set plugin database path to: C:\ST\STM32CubeIDE_1.3.0\STM32CubeIDE\plugins\com.st.stm32cube.common.mx_5.6.1.202004052303\\db\/plugins/boardmanager/
2020-07-27 22:04:17,183 [INFO] DbMcus:235 - Set plugin images path to: C:\ST\STM32CubeIDE_1.3.0\STM32CubeIDE\plugins\com.st.stm32cube.common.mx_5.6.1.202004052303\\db\/plugins/mcufinder/images/
2020-07-27 22:04:17,185 [INFO] DbBoards:232 - Set plugin images path to: C:\ST\STM32CubeIDE_1.3.0\STM32CubeIDE\plugins\com.st.stm32cube.common.mx_5.6.1.202004052303\\db\/plugins/mcufinder/images/
2020-07-27 22:04:17,185 [WARN] DbFile:36 - Overriding database path with different value: C:\Users\SimpalsGarage\.stmcufinder\plugins\mcufinder/ => C:\Users\SimpalsGarage\.stmcufinder\plugins\mcufinder
2020-07-27 22:04:17,185 [INFO] DbMcusAds:85 - Set database path to: C:\Users\SimpalsGarage\.stmcufinder\plugins\mcufinder//mcu/
2020-07-27 22:04:17,185 [WARN] DbFile:36 - Overriding database path with different value: C:\Users\SimpalsGarage\.stmcufinder\plugins\mcufinder/ => C:\Users\SimpalsGarage\.stmcufinder\plugins\mcufinder
2020-07-27 22:04:17,186 [INFO] DbMcusDocs:108 - Set database path to: C:\Users\SimpalsGarage\.stmcufinder\plugins\mcufinder//mcu/
2020-07-27 22:04:17,186 [WARN] DbFile:36 - Overriding database path with different value: C:\Users\SimpalsGarage\.stmcufinder\plugins\mcufinder/ => C:\Users\SimpalsGarage\.stmcufinder\plugins\mcufinder
2020-07-27 22:04:17,186 [INFO] DbMcusJson:61 - Set database path to: C:\Users\SimpalsGarage\.stmcufinder\plugins\mcufinder//mcu/
2020-07-27 22:04:17,186 [WARN] DbFile:36 - Overriding database path with different value: C:\Users\SimpalsGarage\.stmcufinder\plugins\mcufinder/ => C:\Users\SimpalsGarage\.stmcufinder\plugins\mcufinder
2020-07-27 22:04:17,186 [INFO] DbBoardsDocs:97 - Set database path to: C:\Users\SimpalsGarage\.stmcufinder\plugins\mcufinder//mcu/
2020-07-27 22:04:17,186 [WARN] DbFile:36 - Overriding database path with different value: C:\Users\SimpalsGarage\.stmcufinder\plugins\mcufinder/ => C:\Users\SimpalsGarage\.stmcufinder\plugins\mcufinder
2020-07-27 22:04:17,187 [INFO] DbBoardsJson:51 - Set database path to: C:\Users\SimpalsGarage\.stmcufinder\plugins\mcufinder//mcu/
2020-07-27 22:04:17,187 [WARN] DbFile:36 - Overriding database path with different value: C:\Users\SimpalsGarage\.stmcufinder\plugins\mcufinder/ => C:\Users\SimpalsGarage\.stmcufinder\plugins\mcufinder
2020-07-27 22:04:17,187 [WARN] DbFile:36 - Overriding database path with different value: C:\Users\SimpalsGarage\.stmcufinder\plugins\mcufinder/ => C:\Users\SimpalsGarage\.stmcufinder\plugins\mcufinder
2020-07-27 22:04:17,187 [INFO] CrossReferenceDbSqlite:197 - Set database path to: C:\Users\SimpalsGarage\.stmcufinder\plugins\mcufinder//mcu/cs/
2020-07-27 22:04:17,277 [INFO] MainPanel:181 - HeapMemory: 344981504
2020-07-27 22:04:17,390 [INFO] DbMcusXml:72 - Set database path to: C:\ST\STM32CubeIDE_1.3.0\STM32CubeIDE\plugins\com.st.stm32cube.common.mx_5.6.1.202004052303\\db\/mcu/
2020-07-27 22:04:17,390 [INFO] DbBoardsPdsc:54 - Set plugin database path to: C:\ST\STM32CubeIDE_1.3.0\STM32CubeIDE\plugins\com.st.stm32cube.common.mx_5.6.1.202004052303\\db\/plugins/boardmanager/
2020-07-27 22:04:17,391 [INFO] DbMcus:235 - Set plugin images path to: C:\ST\STM32CubeIDE_1.3.0\STM32CubeIDE\plugins\com.st.stm32cube.common.mx_5.6.1.202004052303\\db\/plugins/mcufinder/images/
2020-07-27 22:04:17,391 [INFO] DbBoards:232 - Set plugin images path to: C:\ST\STM32CubeIDE_1.3.0\STM32CubeIDE\plugins\com.st.stm32cube.common.mx_5.6.1.202004052303\\db\/plugins/mcufinder/images/
2020-07-27 22:04:17,392 [WARN] DbFile:36 - Overriding database path with different value: C:\Users\SimpalsGarage\.stmcufinder\plugins\mcufinder/ => C:\Users\SimpalsGarage\.stmcufinder\plugins\mcufinder
2020-07-27 22:04:17,392 [INFO] DbMcusAds:85 - Set database path to: C:\Users\SimpalsGarage\.stmcufinder\plugins\mcufinder//mcu/
2020-07-27 22:04:17,392 [WARN] DbFile:36 - Overriding database path with different value: C:\Users\SimpalsGarage\.stmcufinder\plugins\mcufinder/ => C:\Users\SimpalsGarage\.stmcufinder\plugins\mcufinder
2020-07-27 22:04:17,392 [INFO] DbMcusDocs:108 - Set database path to: C:\Users\SimpalsGarage\.stmcufinder\plugins\mcufinder//mcu/
2020-07-27 22:04:17,392 [WARN] DbFile:36 - Overriding database path with different value: C:\Users\SimpalsGarage\.stmcufinder\plugins\mcufinder/ => C:\Users\SimpalsGarage\.stmcufinder\plugins\mcufinder
2020-07-27 22:04:17,392 [INFO] DbMcusJson:61 - Set database path to: C:\Users\SimpalsGarage\.stmcufinder\plugins\mcufinder//mcu/
2020-07-27 22:04:17,393 [WARN] DbFile:36 - Overriding database path with different value: C:\Users\SimpalsGarage\.stmcufinder\plugins\mcufinder/ => C:\Users\SimpalsGarage\.stmcufinder\plugins\mcufinder
2020-07-27 22:04:17,393 [INFO] DbBoardsDocs:97 - Set database path to: C:\Users\SimpalsGarage\.stmcufinder\plugins\mcufinder//mcu/
2020-07-27 22:04:17,393 [WARN] DbFile:36 - Overriding database path with different value: C:\Users\SimpalsGarage\.stmcufinder\plugins\mcufinder/ => C:\Users\SimpalsGarage\.stmcufinder\plugins\mcufinder
2020-07-27 22:04:17,393 [INFO] DbBoardsJson:51 - Set database path to: C:\Users\SimpalsGarage\.stmcufinder\plugins\mcufinder//mcu/
2020-07-27 22:04:17,393 [WARN] DbFile:36 - Overriding database path with different value: C:\Users\SimpalsGarage\.stmcufinder\plugins\mcufinder/ => C:\Users\SimpalsGarage\.stmcufinder\plugins\mcufinder
2020-07-27 22:04:17,393 [WARN] DbFile:36 - Overriding database path with different value: C:\Users\SimpalsGarage\.stmcufinder\plugins\mcufinder/ => C:\Users\SimpalsGarage\.stmcufinder\plugins\mcufinder
2020-07-27 22:04:17,393 [INFO] CrossReferenceDbSqlite:197 - Set database path to: C:\Users\SimpalsGarage\.stmcufinder\plugins\mcufinder//mcu/cs/
2020-07-27 22:04:17,444 [INFO] ApplicationProperties:181 - Using Application install path: C:\ST\STM32CubeIDE_1.3.0\STM32CubeIDE\plugins\com.st.stm32cube.common.mx_5.6.1.202004052303
2020-07-27 22:04:17,447 [INFO] PluginManage:178 - Search for loadable plugins [exclusion list=, tutovideos]
2020-07-27 22:04:17,449 [INFO] PluginManage:292 - Check plugin analytics
2020-07-27 22:04:17,490 [INFO] PluginManage:342 - Loaded plugin analytics (category:tool,tabindex:-1)
2020-07-27 22:04:17,493 [INFO] PluginManage:292 - Check plugin clock
2020-07-27 22:04:17,515 [INFO] PluginManage:342 - Loaded plugin clock (category:base,tabindex:2)
2020-07-27 22:04:17,515 [INFO] PluginManage:292 - Check plugin ddr
2020-07-27 22:04:17,519 [INFO] PluginManage:342 - Loaded plugin ddr (category:tool,tabindex:6)
2020-07-27 22:04:17,519 [INFO] PluginManage:292 - Check plugin filemanager
2020-07-27 22:04:17,676 [INFO] PluginManage:342 - Loaded plugin filemanager (category:base,tabindex:10)
2020-07-27 22:04:17,676 [INFO] PluginManage:292 - Check plugin ipmanager
2020-07-27 22:04:17,692 [INFO] PluginManage:342 - Loaded plugin ipmanager (category:base,tabindex:5)
2020-07-27 22:04:17,692 [INFO] PluginManage:292 - Check plugin pinoutandconfiguration
2020-07-27 22:04:17,710 [INFO] PluginManage:342 - Loaded plugin pinoutandconfiguration (category:base,tabindex:1)
2020-07-27 22:04:17,711 [INFO] PluginManage:292 - Check plugin pinoutconfig
2020-07-27 22:04:17,748 [INFO] PluginManage:342 - Loaded plugin pinoutconfig (category:base,tabindex:0)
2020-07-27 22:04:17,749 [INFO] PluginManage:292 - Check plugin power
2020-07-27 22:04:17,764 [INFO] PluginManage:342 - Loaded plugin power (category:power,tabindex:4)
2020-07-27 22:04:17,765 [INFO] PluginManage:292 - Check plugin projectmanager
2020-07-27 22:04:17,782 [INFO] PluginManage:342 - Loaded plugin projectmanager (category:projectmanager,tabindex:3)
2020-07-27 22:04:17,783 [INFO] PluginManage:292 - Check plugin thirdparty
2020-07-27 22:04:17,870 [INFO] ThirdPartyDb:295 - Open Third Party DataBase File (C:/Users/SimpalsGarage/.stm32cubemx/plugins/thirdparty/db/thirdparties_db.xml) : 33 ms. number of Sw pack : 20
2020-07-27 22:04:17,894 [INFO] PluginManage:342 - Loaded plugin thirdparty (category:base,tabindex:-1)
2020-07-27 22:04:17,894 [INFO] PluginManage:292 - Check plugin tools
2020-07-27 22:04:17,898 [INFO] PluginManage:342 - Loaded plugin tools (category:base,tabindex:7)
2020-07-27 22:04:17,899 [INFO] PluginManage:292 - Check plugin tutovideos
2020-07-27 22:04:17,901 [INFO] PluginManage:347 - Ignore plugin tutovideos (category:base)
2020-07-27 22:04:17,901 [INFO] PluginManage:292 - Check plugin updater
2020-07-27 22:04:17,913 [INFO] PluginManage:342 - Loaded plugin updater (category:base,tabindex:12)
2020-07-27 22:04:17,914 [INFO] PluginManage:265 - PluginManage : Loaded plugins [12]
2020-07-27 22:04:18,121 [INFO] PinOutPanel:1420 - setPackage(No Configuration,No Configuration)
2020-07-27 22:04:18,221 [INFO] IPUIPlugin:65 - create IPUIPlugin
2020-07-27 22:04:18,221 [INFO] PluginManager:200 - loadIPPluginJar : add adc
2020-07-27 22:04:18,225 [INFO] IPUIPlugin:65 - create IPUIPlugin
2020-07-27 22:04:18,225 [INFO] PluginManager:200 - loadIPPluginJar : add aes
2020-07-27 22:04:18,229 [INFO] IPUIPlugin:65 - create IPUIPlugin
2020-07-27 22:04:18,229 [INFO] PluginManager:200 - loadIPPluginJar : add can
2020-07-27 22:04:18,231 [INFO] IPUIPlugin:65 - create IPUIPlugin
2020-07-27 22:04:18,231 [INFO] PluginManager:200 - loadIPPluginJar : add comp
2020-07-27 22:04:18,235 [INFO] IPUIPlugin:65 - create IPUIPlugin
2020-07-27 22:04:18,235 [INFO] PluginManager:200 - loadIPPluginJar : add cryp
2020-07-27 22:04:18,239 [INFO] IPUIPlugin:65 - create IPUIPlugin
2020-07-27 22:04:18,239 [INFO] PluginManager:200 - loadIPPluginJar : add dfsdm
2020-07-27 22:04:18,245 [INFO] IPUIPlugin:65 - create IPUIPlugin
2020-07-27 22:04:18,246 [INFO] PluginManager:200 - loadIPPluginJar : add dma
2020-07-27 22:04:18,248 [INFO] IPUIPlugin:65 - create IPUIPlugin
2020-07-27 22:04:18,248 [INFO] PluginManager:200 - loadIPPluginJar : add fatfs
2020-07-27 22:04:18,254 [INFO] IPUIPlugin:65 - create IPUIPlugin
2020-07-27 22:04:18,254 [INFO] PluginManager:200 - loadIPPluginJar : add fmc
2020-07-27 22:04:18,262 [INFO] IPUIPlugin:65 - create IPUIPlugin
2020-07-27 22:04:18,262 [INFO] PluginManager:200 - loadIPPluginJar : add freertos
2020-07-27 22:04:18,265 [INFO] IPUIPlugin:65 - create IPUIPlugin
2020-07-27 22:04:18,265 [INFO] PluginManager:200 - loadIPPluginJar : add genericplugin
2020-07-27 22:04:18,269 [INFO] IPUIPlugin:65 - create IPUIPlugin
2020-07-27 22:04:18,269 [INFO] PluginManager:200 - loadIPPluginJar : add gfxmmu
2020-07-27 22:04:18,277 [INFO] IPUIPlugin:65 - create IPUIPlugin
2020-07-27 22:04:18,277 [INFO] PluginManager:200 - loadIPPluginJar : add gic
2020-07-27 22:04:18,282 [INFO] IPUIPlugin:65 - create IPUIPlugin
2020-07-27 22:04:18,282 [INFO] PluginManager:200 - loadIPPluginJar : add gpio
2020-07-27 22:04:18,286 [INFO] IPUIPlugin:65 - create IPUIPlugin
2020-07-27 22:04:18,286 [INFO] PluginManager:200 - loadIPPluginJar : add gtzc
2020-07-27 22:04:18,289 [INFO] IPUIPlugin:65 - create IPUIPlugin
2020-07-27 22:04:18,289 [INFO] PluginManager:200 - loadIPPluginJar : add hash
2020-07-27 22:04:18,298 [INFO] IPUIPlugin:65 - create IPUIPlugin
2020-07-27 22:04:18,298 [INFO] PluginManager:200 - loadIPPluginJar : add i2c
2020-07-27 22:04:18,302 [INFO] IPUIPlugin:65 - create IPUIPlugin
2020-07-27 22:04:18,302 [INFO] PluginManager:200 - loadIPPluginJar : add i2s
2020-07-27 22:04:18,306 [INFO] IPUIPlugin:65 - create IPUIPlugin
2020-07-27 22:04:18,306 [INFO] PluginManager:200 - loadIPPluginJar : add ipddr
2020-07-27 22:04:18,309 [INFO] IPUIPlugin:65 - create IPUIPlugin
2020-07-27 22:04:18,309 [INFO] PluginManager:200 - loadIPPluginJar : add ltdc
2020-07-27 22:04:18,313 [INFO] IPUIPlugin:65 - create IPUIPlugin
2020-07-27 22:04:18,313 [INFO] PluginManager:200 - loadIPPluginJar : add mdma
2020-07-27 22:04:18,318 [INFO] IPUIPlugin:65 - create IPUIPlugin
2020-07-27 22:04:18,318 [INFO] PluginManager:200 - loadIPPluginJar : add nvic
2020-07-27 22:04:18,322 [INFO] IPUIPlugin:65 - create IPUIPlugin
2020-07-27 22:04:18,322 [INFO] PluginManager:200 - loadIPPluginJar : add opamp
2020-07-27 22:04:18,326 [INFO] IPUIPlugin:65 - create IPUIPlugin
2020-07-27 22:04:18,326 [INFO] PluginManager:200 - loadIPPluginJar : add pdm2pcm
2020-07-27 22:04:18,333 [INFO] IPUIPlugin:65 - create IPUIPlugin
2020-07-27 22:04:18,337 [INFO] PluginManager:200 - loadIPPluginJar : add plateformsettings
2020-07-27 22:04:18,339 [INFO] IPUIPlugin:65 - create IPUIPlugin
2020-07-27 22:04:18,340 [INFO] PluginManager:200 - loadIPPluginJar : add quadspi
2020-07-27 22:04:18,344 [INFO] IPUIPlugin:65 - create IPUIPlugin
2020-07-27 22:04:18,345 [INFO] PluginManager:200 - loadIPPluginJar : add resmgrutility
2020-07-27 22:04:18,349 [INFO] IPUIPlugin:65 - create IPUIPlugin
2020-07-27 22:04:18,349 [INFO] PluginManager:200 - loadIPPluginJar : add sai
2020-07-27 22:04:18,353 [INFO] IPUIPlugin:65 - create IPUIPlugin
2020-07-27 22:04:18,353 [INFO] PluginManager:200 - loadIPPluginJar : add spi
2020-07-27 22:04:18,358 [INFO] IPUIPlugin:65 - create IPUIPlugin
2020-07-27 22:04:18,358 [INFO] PluginManager:200 - loadIPPluginJar : add stm32_wpan
2020-07-27 22:04:18,361 [INFO] IPUIPlugin:65 - create IPUIPlugin
2020-07-27 22:04:18,361 [INFO] PluginManager:200 - loadIPPluginJar : add tim
2020-07-27 22:04:18,365 [INFO] IPUIPlugin:65 - create IPUIPlugin
2020-07-27 22:04:18,365 [INFO] PluginManager:200 - loadIPPluginJar : add touchsensing
2020-07-27 22:04:18,368 [INFO] IPUIPlugin:65 - create IPUIPlugin
2020-07-27 22:04:18,368 [INFO] PluginManager:200 - loadIPPluginJar : add tracer_emb
2020-07-27 22:04:18,371 [INFO] IPUIPlugin:65 - create IPUIPlugin
2020-07-27 22:04:18,372 [INFO] PluginManager:200 - loadIPPluginJar : add ts
2020-07-27 22:04:18,374 [INFO] IPUIPlugin:65 - create IPUIPlugin
2020-07-27 22:04:18,374 [INFO] PluginManager:200 - loadIPPluginJar : add tsc
2020-07-27 22:04:18,377 [INFO] IPUIPlugin:65 - create IPUIPlugin
2020-07-27 22:04:18,377 [INFO] PluginManager:200 - loadIPPluginJar : add ucpd
2020-07-27 22:04:18,381 [INFO] IPUIPlugin:65 - create IPUIPlugin
2020-07-27 22:04:18,381 [INFO] PluginManager:200 - loadIPPluginJar : add usart
2020-07-27 22:04:19,123 [INFO] BoardConnectionPanel:3472 - [DDR PANEL] STM32CubeIDE environment
2020-07-27 22:04:19,123 [INFO] MainDdrPanel:103 - [DDR PANEL] GETTER - cubeProgrammerPath is: null
2020-07-27 22:04:19,319 [FATAL] Updater:277 - Updater called before beeing initialized
2020-07-27 22:04:19,596 [FATAL] Updater:277 - Updater called before beeing initialized
2020-07-27 22:04:19,601 [INFO] PinOutPanel:1420 - setPackage(No Configuration,No Configuration)
2020-07-27 22:04:19,602 [FATAL] Updater:277 - Updater called before beeing initialized
2020-07-27 22:04:19,607 [INFO] BoardConnectionPanel:3472 - [DDR PANEL] STM32CubeIDE environment
2020-07-27 22:04:19,608 [INFO] MainDdrPanel:103 - [DDR PANEL] GETTER - cubeProgrammerPath is: C:\ST\STM32CubeIDE_1.3.0\STM32CubeIDE\plugins\com.st.stm32cube.ide.mcu.externaltools.cubeprogrammer.win32_1.3.0.202002181050\tools\bin
2020-07-27 22:04:19,613 [INFO] ProgrammerExecThread:148 - [ProgrammerAPI] CubeProgrammer command construction: C:\ST\STM32CubeIDE_1.3.0\STM32CubeIDE\plugins\com.st.stm32cube.ide.mcu.externaltools.cubeprogrammer.win32_1.3.0.202002181050\tools\bin\STM32_Programmer_CLI.exe -l
2020-07-27 22:04:20,016 [INFO] MainDdrPanel:93 - [DDR PANEL] SETTER - Set cubeProgrammerPath to: C:\ST\STM32CubeIDE_1.3.0\STM32CubeIDE\plugins\com.st.stm32cube.ide.mcu.externaltools.cubeprogrammer.win32_1.3.0.202002181050\tools\bin
2020-07-27 22:04:20,026 [INFO] Updater:886 - Updater Version found : 5.6.1
2020-07-27 22:04:20,048 [INFO] ApplicationProperties:181 - Using Application install path: C:\ST\STM32CubeIDE_1.3.0\STM32CubeIDE\plugins\com.st.stm32cube.common.mx_5.6.1.202004052303
2020-07-27 22:04:20,285 [INFO] MainUpdater:2230 - connection check result : 10
2020-07-27 22:04:20,288 [INFO] MainUpdater:236 - Updater Check For Update Now.
2020-07-27 22:04:20,288 [INFO] MicroXplorer:420 - Change Database Version : DB.5.0.60
2020-07-27 22:04:20,332 [INFO] CheckServerUpdateThread:92 - End of CheckServer Thread
2020-07-27 22:04:20,494 [INFO] MainUpdater:2230 - connection check result : 10
2020-07-27 22:04:20,495 [INFO] LogOutputStream:76 - [STDOUT_REDIRECT] Successfull proxy connection.
2020-07-27 22:04:20,656 [INFO] McuFinderGlobals:40 - Set McuFinder mode to 2 (CubeIDE integrated)
2020-07-27 22:04:20,668 [INFO] FinderPluginLoader:86 - Searching for filters in installed packs
2020-07-27 22:04:20,670 [INFO] DbMcusXml:110 - Load MCU database from C:\ST\STM32CubeIDE_1.3.0\STM32CubeIDE\plugins\com.st.stm32cube.common.mx_5.6.1.202004052303\\db\/mcu/families.xml
2020-07-27 22:04:21,104 [INFO] ThirdPartyDb:261 - Close Third Party DataBase File (C:/Users/SimpalsGarage/.stm32cubemx/plugins/thirdparty/db/thirdparties_db.xml)
2020-07-27 22:04:21,185 [INFO] IntegrityCheckThread:98 - End integrity checks thread
2020-07-27 22:04:21,506 [INFO] DbMcusJson:90 - JSON generation date=Thu Jul 02 18:47:47 EEST 2020 (1593704867)
2020-07-27 22:04:22,201 [INFO] DbMcus:171 - Found 1670 MCUs (1625 are supported by CubeMX, 1625 are visible in CubeMX)
2020-07-27 22:04:22,204 [INFO] ApiDb:158 - Load user favorites file C:\Users\SimpalsGarage/.stm32cubeide/favorites.mcus.txt: 0 item(s)
2020-07-27 22:04:22,204 [INFO] ApiDb:163 - User favorites MCUs=[]
2020-07-27 22:04:22,204 [INFO] DbMcus:183 - Set 0 / 0 favorites MCUs
2020-07-27 22:04:23,154 [INFO] DbMcusAds:143 - JSON generation date=Mon Jul 13 19:00:47 EEST 2020 (1594656047)
2020-07-27 22:04:23,156 [INFO] LoadUrlFilesThread:161 - End of LoadServerUrlFiles without Thread
2020-07-27 22:04:23,192 [INFO] McuDetailPanel:181 - Set advertising image to C:/Users/SimpalsGarage/STM32Cube/Repository/\PR_B-L4S5-IOT01A_X-Cube_web.jpg
2020-07-27 22:04:23,696 [INFO] McuFilterPanel:249 - Update 0 favorites MCUs
2020-07-27 22:04:23,899 [INFO] DbBoardsPdsc:92 - Found 22 items
2020-07-27 22:04:23,907 [INFO] DbBoardsPdsc:92 - Found 9 items
2020-07-27 22:04:23,918 [INFO] DbBoardsPdsc:92 - Found 28 items
2020-07-27 22:04:23,924 [INFO] DbBoardsPdsc:92 - Found 1 items
2020-07-27 22:04:23,937 [INFO] DbBoardsPdsc:92 - Found 40 items
2020-07-27 22:04:23,952 [INFO] DbBoardsPdsc:92 - Found 39 items
2020-07-27 22:04:23,959 [INFO] DbBoardsPdsc:92 - Found 2 items
2020-07-27 22:04:23,967 [INFO] DbBoardsPdsc:92 - Found 4 items
2020-07-27 22:04:23,972 [WARN] DbBoardsPdsc:256 - Board STM32H7B3I-DK: unknown feature type=Audio, name=, username=Audio stereo codec with Headphone Amp (CS42L51-CNZ), n=1
2020-07-27 22:04:23,972 [WARN] DbBoardsPdsc:256 - Board STM32H7B3I-DK: unknown feature type=WIFI, name=, username=WIFI 802.11 b/g/n, n=1
2020-07-27 22:04:23,974 [WARN] DbBoardsPdsc:256 - Board STM32H7B3I-EVAL: unknown feature type=Audio, name=, username=Multi-Channel Audio Codec (CS42L51-CNZ), n=1
2020-07-27 22:04:23,974 [WARN] DbBoardsPdsc:256 - Board STM32H7B3I-EVAL: unknown feature type=Meter, name=, username=Power-metering and Temperature-monitoring with sigma-delta modulators, n=1
2020-07-27 22:04:23,975 [WARN] DbBoardsPdsc:256 - Board STM32H7B3I-EVAL: unknown feature type=WIFI, name=, username=WIFI 802.11 a/b/g/n, n=1
2020-07-27 22:04:23,975 [WARN] DbBoardsPdsc:256 - Board STM32H7B3I-EVAL: unknown feature type=Motor, name=, username=Motor Control, n=1
2020-07-27 22:04:24,011 [INFO] DbBoardsJson:80 - JSON generation date=Thu Jul 02 16:35:57 EEST 2020 (1593696957)
2020-07-27 22:04:24,021 [INFO] DbBoards:120 - Found 146 boards (142 are supported by CubeMX)
2020-07-27 22:04:24,036 [INFO] DbBoardsDocs:131 - JSON generation date=Thu Jul 02 18:47:47 EEST 2020 (1593704867)
2020-07-27 22:04:24,056 [INFO] DbBoardsDocs:70 - Found 185 boards documents
2020-07-27 22:04:24,057 [WARN] DbBoards:130 - board NUCLEO-H743ZI2 has no document id list !
2020-07-27 22:04:24,058 [WARN] DbBoards:130 - board P-NUCLEO-WB55-Nucleo has no document id list !
2020-07-27 22:04:24,058 [WARN] DbBoards:130 - board P-NUCLEO-WB55-USBDongle has no document id list !
2020-07-27 22:04:24,059 [WARN] DbBoards:130 - board NUCLEO-WB35CE has no document id list !
2020-07-27 22:04:24,059 [WARN] DbBoards:130 - board STM32F401C-DISCO has no document id list !
2020-07-27 22:04:24,059 [WARN] DbBoards:130 - board STM32F769I-DISC1 has no document id list !
2020-07-27 22:04:24,060 [WARN] DbBoards:152 - board B-G474E-DPOW1 / document id not found: 4624
2020-07-27 22:04:24,060 [WARN] DbBoards:152 - board B-G474E-DPOW1 / document id not found: 4625
2020-07-27 22:04:24,060 [WARN] DbBoards:130 - board STM32L-DISCOVERY has no document id list !
2020-07-27 22:04:24,061 [WARN] DbBoards:130 - board STM32H747I-DISC1 has no document id list !
2020-07-27 22:04:24,062 [WARN] DbBoards:130 - board STM32MP157A-DK1 has no document id list !
2020-07-27 22:04:24,062 [WARN] DbBoards:130 - board STM32H743I-EVAL2 has no document id list !
2020-07-27 22:04:24,063 [WARN] DbBoards:130 - board STM32H753I-EVAL2 has no document id list !
2020-07-27 22:04:24,063 [WARN] DbBoards:130 - board STM32G474E-EVAL1 has no document id list !
2020-07-27 22:04:24,063 [WARN] DbBoards:130 - board STEVAL-BFA001V1B has no document id list !
2020-07-27 22:04:24,063 [WARN] DbBoards:130 - board STEVAL-BFA001V2B has no document id list !
2020-07-27 22:04:24,064 [WARN] DbBoards:130 - board STEVAL-MKSBOX1V1 has no document id list !
2020-07-27 22:04:24,064 [WARN] DbBoards:130 - board STEVAL-STWINKT1 has no document id list !
2020-07-27 22:04:24,064 [WARN] DbBoards:130 - board STEVAL-IDP005V1 has no document id list !
2020-07-27 22:04:24,064 [WARN] DbBoards:130 - board STEVAL-IDP005V2 has no document id list !
2020-07-27 22:04:25,541 [ERROR] DbBoards:192 - Image file not found for board B-L4S5I-IOT01A: C:\ST\STM32CubeIDE_1.3.0\STM32CubeIDE\plugins\com.st.stm32cube.common.mx_5.6.1.202004052303\\db\/plugins/mcufinder/images/boards/B-L4S5I-IOT01A_small.jpg
2020-07-27 22:04:25,543 [INFO] ApiDb:158 - Load user favorites file C:\Users\SimpalsGarage/.stm32cubeide/favorites.boards.txt: 0 item(s)
2020-07-27 22:04:25,543 [INFO] ApiDb:163 - User favorites Boards=[]
2020-07-27 22:04:25,543 [INFO] DbBoards:209 - Set 0 / 0 favorites Boards
2020-07-27 22:04:25,627 [INFO] LoadUrlFilesThread:161 - End of LoadServerUrlFiles without Thread
2020-07-27 22:04:25,627 [INFO] BoardDetailPanel:180 - Set advertising image to C:/Users/SimpalsGarage/STM32Cube/Repository/\PR_B-L4S5-IOT01A_X-Cube_web.jpg
2020-07-27 22:04:25,670 [INFO] BoardFilterPanel:211 - Update 0 favorites Boards
2020-07-27 22:04:25,974 [INFO] CrossSelectorPresenter:1319 - Cross Selector saved comparison directory: C:\Users\SimpalsGarage\.stmcufinder\plugins\mcufinder\mcu\cs_comparisons_mx
2020-07-27 22:10:17,710 [INFO] DbMcusDocs:142 - JSON generation date=Thu Jul 02 18:47:47 EEST 2020 (1593704867)
2020-07-27 22:10:17,820 [INFO] DbMcusDocs:77 - Found 580 MCUs documents
2020-07-27 22:13:12,191 [INFO] LogOutputStream:76 - [STDOUT_REDIRECT] withoutVersionV1.25.0
2020-07-27 22:18:05,478 [INFO] Activator:178 - 


2020-07-27 22:18:05,481 [INFO] Activator:179 - !SESSION log4j initialized
