14:22:16 **** Incremental Build of configuration Debug for project 011keypad4x4 ****
make -j2 all 
arm-none-eabi-gcc "../Src/main.c" -mcpu=cortex-m4 -std=gnu11 -g3 -DSTM32 -DSTM32F4 -DSTM32F446RETx -DDEBUG -c -I../Inc -O0 -ffunction-sections -fdata-sections -Wall -fstack-usage -MMD -MP -MF"Src/main.d" -MT"Src/main.o" --specs=nano.specs -mfpu=fpv4-sp-d16 -mfloat-abi=hard -mthumb -o "Src/main.o"
../Src/main.c:53:4: warning: #warning "FPU is not initialized, but the project is compiling for an FPU. Please initialize the FPU before use." [-Wcpp]
   #warning "FPU is not initialized, but the project is compiling for an FPU. Please initialize the FPU before use."
    ^~~~~~~
arm-none-eabi-gcc -o "011keypad4x4.elf" @"objects.list"   -mcpu=cortex-m4 -T"D:\GitHub\Embeded-C\target\011keypad4x4\STM32F446RETX_FLASH.ld" --specs=nosys.specs -Wl,-Map="011keypad4x4.map" -Wl,--gc-sections -static --specs=nano.specs -mfpu=fpv4-sp-d16 -mfloat-abi=hard -mthumb -Wl,--start-group -lc -lm -Wl,--end-group
Finished building target: 011keypad4x4.elf
 
arm-none-eabi-objdump -h -S  011keypad4x4.elf  > "011keypad4x4.list"
arm-none-eabi-objcopy  -O binary  011keypad4x4.elf  "011keypad4x4.bin"
Finished building: 011keypad4x4.bin
 
arm-none-eabi-size   011keypad4x4.elf 
Finished building: 011keypad4x4.list
 
   text	   data	    bss	    dec	    hex	filename
   5872	    108	   1580	   7560	   1d88	011keypad4x4.elf
Finished building: default.size.stdout
 
14:22:36 **** Incremental Build of configuration Debug for project 011keypad4x4 ****
make -j2 all 
arm-none-eabi-size   011keypad4x4.elf 
   text	   data	    bss	    dec	    hex	filename
   5872	    108	   1580	   7560	   1d88	011keypad4x4.elf
Finished building: default.size.stdout
 
14:50:48 **** Incremental Build of configuration Debug for project 010led_toggle_bitfields ****
make -j2 all 
arm-none-eabi-gcc -mcpu=cortex-m4 -g3 -c -x assembler-with-cpp -MMD -MP -MF"Startup/startup_stm32f446retx.d" -MT"Startup/startup_stm32f446retx.o" --specs=nano.specs -mfpu=fpv4-sp-d16 -mfloat-abi=hard -mthumb -o "Startup/startup_stm32f446retx.o" "../Startup/startup_stm32f446retx.s"
arm-none-eabi-gcc "../Src/main.c" -mcpu=cortex-m4 -std=gnu11 -g3 -DSTM32 -DSTM32F4 -DSTM32F446RETx -DDEBUG -c -I../Inc -O0 -ffunction-sections -fdata-sections -Wall -fstack-usage -MMD -MP -MF"Src/main.d" -MT"Src/main.o" --specs=nano.specs -mfpu=fpv4-sp-d16 -mfloat-abi=hard -mthumb -o "Src/main.o"
../Src/main.c:21:4: warning: #warning "FPU is not initialized, but the project is compiling for an FPU. Please initialize the FPU before use." [-Wcpp]
   #warning "FPU is not initialized, but the project is compiling for an FPU. Please initialize the FPU before use."
    ^~~~~~~
arm-none-eabi-gcc -o "010led_toggle_bitfields.elf" @"objects.list"   -mcpu=cortex-m4 -T"D:\GitHub\Embeded-C\target\010led_toggle_bitfields\STM32F446RETX_FLASH.ld" --specs=nosys.specs -Wl,-Map="010led_toggle_bitfields.map" -Wl,--gc-sections -static --specs=nano.specs -mfpu=fpv4-sp-d16 -mfloat-abi=hard -mthumb -Wl,--start-group -lc -lm -Wl,--end-group
Finished building target: 010led_toggle_bitfields.elf
 
arm-none-eabi-objdump -h -S  010led_toggle_bitfields.elf  > "010led_toggle_bitfields.list"
arm-none-eabi-objcopy  -O binary  010led_toggle_bitfields.elf  "010led_toggle_bitfields.bin"
Finished building: 010led_toggle_bitfields.list
 
arm-none-eabi-size   010led_toggle_bitfields.elf 
Finished building: 010led_toggle_bitfields.bin
 
   text	   data	    bss	    dec	    hex	filename
    704	      8	   1568	   2280	    8e8	010led_toggle_bitfields.elf
Finished building: default.size.stdout
 
14:50:55 **** Incremental Build of configuration Debug for project 010led_toggle_bitfields ****
make -j2 all 
arm-none-eabi-size   010led_toggle_bitfields.elf 
   text	   data	    bss	    dec	    hex	filename
    704	      8	   1568	   2280	    8e8	010led_toggle_bitfields.elf
Finished building: default.size.stdout
 
